# JRE version: Java(TM) SE Runtime Environment (8.0_171-b11) (build 1.8.0_171-b11)
# Java VM: Java HotSpot(TM) Client VM (25.171-b11 mixed mode, sharing windows-x86 )
Heap:
 def new generation   total 65280K, used 51772K [0x04a00000, 0x090d0000, 0x09f50000)
  eden space 58048K,  89% used [0x04a00000, 0x07c8f398, 0x082b0000)
  from space 7232K,   0% used [0x082b0000, 0x082b0000, 0x089c0000)
  to   space 7232K,   0% used [0x089c0000, 0x089c0000, 0x090d0000)
 tenured generation   total 144952K, used 86968K [0x09f50000, 0x12cde000, 0x14a00000)
   the space 144952K,  59% used [0x09f50000, 0x0f43e368, 0x0f43e400, 0x12cde000)
 Metaspace       used 12546K, capacity 13425K, committed 13568K, reserved 13696K
GC Heap History (10 events):
Event: 5.624 GC heap before
{Heap before GC invocations=67 (full 6):
 def new generation   total 51776K, used 46080K [0x04a00000, 0x08220000, 0x09f50000)
  eden space 46080K, 100% used [0x04a00000, 0x07700000, 0x07700000)
  from space 5696K,   0% used [0x07700000, 0x07700000, 0x07c90000)
  to   space 5696K,   0% used [0x07c90000, 0x07c90000, 0x08220000)
 tenured generation   total 114912K, used 68946K [0x09f50000, 0x10f88000, 0x14a00000)
   the space 114912K,  59% used [0x09f50000, 0x0e2a4b68, 0x0e2a4c00, 0x10f88000)
 Metaspace       used 12184K, capacity 13024K, committed 13056K, reserved 13696K
Event: 5.653 GC heap after
Heap after GC invocations=68 (full 6):
 def new generation   total 51776K, used 5696K [0x04a00000, 0x08220000, 0x09f50000)
  eden space 46080K,   0% used [0x04a00000, 0x04a00000, 0x07700000)
  from space 5696K, 100% used [0x07c90000, 0x08220000, 0x08220000)
  to   space 5696K,   0% used [0x07700000, 0x07700000, 0x07c90000)
 tenured generation   total 114912K, used 88470K [0x09f50000, 0x10f88000, 0x14a00000)
   the space 114912K,  76% used [0x09f50000, 0x0f5b5828, 0x0f5b5a00, 0x10f88000)
 Metaspace       used 12184K, capacity 13024K, committed 13056K, reserved 13696K
}
Event: 5.846 GC heap before
{Heap before GC invocations=68 (full 6):
 def new generation   total 51776K, used 51776K [0x04a00000, 0x08220000, 0x09f50000)
  eden space 46080K, 100% used [0x04a00000, 0x07700000, 0x07700000)
  from space 5696K, 100% used [0x07c90000, 0x08220000, 0x08220000)
  to   space 5696K,   0% used [0x07700000, 0x07700000, 0x07c90000)
 tenured generation   total 114912K, used 88470K [0x09f50000, 0x10f88000, 0x14a00000)
   the space 114912K,  76% used [0x09f50000, 0x0f5b5828, 0x0f5b5a00, 0x10f88000)
 Metaspace       used 12226K, capacity 13071K, committed 13184K, reserved 13696K
Event: 5.889 GC heap after
Heap after GC invocations=69 (full 6):
 def new generation   total 51776K, used 5696K [0x04a00000, 0x08220000, 0x09f50000)
  eden space 46080K,   0% used [0x04a00000, 0x04a00000, 0x07700000)
  from space 5696K, 100% used [0x07700000, 0x07c90000, 0x07c90000)
  to   space 5696K,   0% used [0x07c90000, 0x07c90000, 0x08220000)
 tenured generation   total 114912K, used 103847K [0x09f50000, 0x10f88000, 0x14a00000)
   the space 114912K,  90% used [0x09f50000, 0x104b9ea0, 0x104ba000, 0x10f88000)
 Metaspace       used 12226K, capacity 13071K, committed 13184K, reserved 13696K
}
Event: 6.041 GC heap before
{Heap before GC invocations=69 (full 6):
 def new generation   total 51776K, used 51776K [0x04a00000, 0x08220000, 0x09f50000)
  eden space 46080K, 100% used [0x04a00000, 0x07700000, 0x07700000)
  from space 5696K, 100% used [0x07700000, 0x07c90000, 0x07c90000)
  to   space 5696K,   0% used [0x07c90000, 0x07c90000, 0x08220000)
 tenured generation   total 114912K, used 103847K [0x09f50000, 0x10f88000, 0x14a00000)
   the space 114912K,  90% used [0x09f50000, 0x104b9ea0, 0x104ba000, 0x10f88000)
 Metaspace       used 12228K, capacity 13073K, committed 13184K, reserved 13696K
Event: 6.053 GC heap after
Heap after GC invocations=70 (full 6):
 def new generation   total 51776K, used 3427K [0x04a00000, 0x08220000, 0x09f50000)
  eden space 46080K,   0% used [0x04a00000, 0x04a00000, 0x07700000)
  from space 5696K,  60% used [0x07c90000, 0x07fe8db0, 0x08220000)
  to   space 5696K,   0% used [0x07700000, 0x07700000, 0x07c90000)
 tenured generation   total 114912K, used 109542K [0x09f50000, 0x10f88000, 0x14a00000)
   the space 114912K,  95% used [0x09f50000, 0x10a49898, 0x10a49a00, 0x10f88000)
 Metaspace       used 12228K, capacity 13073K, committed 13184K, reserved 13696K
}
Event: 6.128 GC heap before
{Heap before GC invocations=70 (full 6):
 def new generation   total 51776K, used 49507K [0x04a00000, 0x08220000, 0x09f50000)
  eden space 46080K, 100% used [0x04a00000, 0x07700000, 0x07700000)
  from space 5696K,  60% used [0x07c90000, 0x07fe8db0, 0x08220000)
  to   space 5696K,   0% used [0x07700000, 0x07700000, 0x07c90000)
 tenured generation   total 114912K, used 109542K [0x09f50000, 0x10f88000, 0x14a00000)
   the space 114912K,  95% used [0x09f50000, 0x10a49898, 0x10a49a00, 0x10f88000)
 Metaspace       used 12228K, capacity 13073K, committed 13184K, reserved 13696K
Event: 6.137 GC heap after
Heap after GC invocations=71 (full 6):
 def new generation   total 51776K, used 5695K [0x04a00000, 0x08220000, 0x09f50000)
  eden space 46080K,   0% used [0x04a00000, 0x04a00000, 0x07700000)
  from space 5696K,  99% used [0x07700000, 0x07c8fff8, 0x07c90000)
  to   space 5696K,   0% used [0x07c90000, 0x07c90000, 0x08220000)
 tenured generation   total 114912K, used 112986K [0x09f50000, 0x10f88000, 0x14a00000)
   the space 114912K,  98% used [0x09f50000, 0x10da6998, 0x10da6a00, 0x10f88000)
 Metaspace       used 12228K, capacity 13073K, committed 13184K, reserved 13696K
}
Event: 6.212 GC heap before
{Heap before GC invocations=71 (full 6):
 def new generation   total 51776K, used 51775K [0x04a00000, 0x08220000, 0x09f50000)
  eden space 46080K, 100% used [0x04a00000, 0x07700000, 0x07700000)
  from space 5696K,  99% used [0x07700000, 0x07c8fff8, 0x07c90000)
  to   space 5696K,   0% used [0x07c90000, 0x07c90000, 0x08220000)
 tenured generation   total 114912K, used 112986K [0x09f50000, 0x10f88000, 0x14a00000)
   the space 114912K,  98% used [0x09f50000, 0x10da6998, 0x10da6a00, 0x10f88000)
 Metaspace       used 12228K, capacity 13073K, committed 13184K, reserved 13696K
Event: 6.336 GC heap after
Heap after GC invocations=72 (full 7):
 def new generation   total 65280K, used 0K [0x04a00000, 0x090d0000, 0x09f50000)
  eden space 58048K,   0% used [0x04a00000, 0x04a00000, 0x082b0000)
  from space 7232K,   0% used [0x082b0000, 0x082b0000, 0x089c0000)
  to   space 7232K,   0% used [0x089c0000, 0x089c0000, 0x090d0000)
 tenured generation   total 144952K, used 86968K [0x09f50000, 0x12cde000, 0x14a00000)
   the space 144952K,  59% used [0x09f50000, 0x0f43e368, 0x0f43e400, 0x12cde000)
 Metaspace       used 12228K, capacity 13073K, committed 13184K, reserved 13696K
}

