# JRE version: Java(TM) SE Runtime Environment (8.0_171-b11) (build 1.8.0_171-b11)
# Java VM: Java HotSpot(TM) Client VM (25.171-b11 mixed mode, sharing windows-x86 )
Heap:
 def new generation   total 72320K, used 3151K [0x05000000, 0x09e70000, 0x0a550000)
  eden space 64320K,   4% used [0x05000000, 0x05313db8, 0x08ed0000)
  from space 8000K,   0% used [0x08ed0000, 0x08ed0000, 0x096a0000)
  to   space 8000K,   0% used [0x096a0000, 0x096a0000, 0x09e70000)
 tenured generation   total 160568K, used 81372K [0x0a550000, 0x1421e000, 0x15000000)
   the space 160568K,  50% used [0x0a550000, 0x0f4c7180, 0x0f4c7200, 0x1421e000)
 Metaspace       used 16249K, capacity 17189K, committed 17280K, reserved 17792K
GC Heap History (10 events):
Event: 9123.401 GC heap before
{Heap before GC invocations=269 (full 14):
 def new generation   total 72320K, used 72320K [0x05000000, 0x09e70000, 0x0a550000)
  eden space 64320K, 100% used [0x05000000, 0x08ed0000, 0x08ed0000)
  from space 8000K, 100% used [0x096a0000, 0x09e70000, 0x09e70000)
  to   space 8000K,   0% used [0x08ed0000, 0x08ed0000, 0x096a0000)
 tenured generation   total 160568K, used 148446K [0x0a550000, 0x1421e000, 0x15000000)
   the space 160568K,  92% used [0x0a550000, 0x136479d0, 0x13647a00, 0x1421e000)
 Metaspace       used 16229K, capacity 17157K, committed 17280K, reserved 17792K
Event: 9123.506 GC heap after
Heap after GC invocations=270 (full 15):
 def new generation   total 72320K, used 0K [0x05000000, 0x09e70000, 0x0a550000)
  eden space 64320K,   0% used [0x05000000, 0x05000000, 0x08ed0000)
  from space 8000K,   0% used [0x096a0000, 0x096a0000, 0x09e70000)
  to   space 8000K,   0% used [0x08ed0000, 0x08ed0000, 0x096a0000)
 tenured generation   total 160568K, used 92008K [0x0a550000, 0x1421e000, 0x15000000)
   the space 160568K,  57% used [0x0a550000, 0x0ff2a3d0, 0x0ff2a400, 0x1421e000)
 Metaspace       used 16229K, capacity 17157K, committed 17280K, reserved 17792K
}
Event: 9123.750 GC heap before
{Heap before GC invocations=270 (full 15):
 def new generation   total 72320K, used 64320K [0x05000000, 0x09e70000, 0x0a550000)
  eden space 64320K, 100% used [0x05000000, 0x08ed0000, 0x08ed0000)
  from space 8000K,   0% used [0x096a0000, 0x096a0000, 0x09e70000)
  to   space 8000K,   0% used [0x08ed0000, 0x08ed0000, 0x096a0000)
 tenured generation   total 160568K, used 92008K [0x0a550000, 0x1421e000, 0x15000000)
   the space 160568K,  57% used [0x0a550000, 0x0ff2a3d0, 0x0ff2a400, 0x1421e000)
 Metaspace       used 16229K, capacity 17157K, committed 17280K, reserved 17792K
Event: 9123.803 GC heap after
Heap after GC invocations=271 (full 15):
 def new generation   total 72320K, used 8000K [0x05000000, 0x09e70000, 0x0a550000)
  eden space 64320K,   0% used [0x05000000, 0x05000000, 0x08ed0000)
  from space 8000K, 100% used [0x08ed0000, 0x096a0000, 0x096a0000)
  to   space 8000K,   0% used [0x096a0000, 0x096a0000, 0x09e70000)
 tenured generation   total 160568K, used 109960K [0x0a550000, 0x1421e000, 0x15000000)
   the space 160568K,  68% used [0x0a550000, 0x110b2370, 0x110b2400, 0x1421e000)
 Metaspace       used 16229K, capacity 17157K, committed 17280K, reserved 17792K
}
Event: 9124.262 GC heap before
{Heap before GC invocations=271 (full 15):
 def new generation   total 72320K, used 72320K [0x05000000, 0x09e70000, 0x0a550000)
  eden space 64320K, 100% used [0x05000000, 0x08ed0000, 0x08ed0000)
  from space 8000K, 100% used [0x08ed0000, 0x096a0000, 0x096a0000)
  to   space 8000K,   0% used [0x096a0000, 0x096a0000, 0x09e70000)
 tenured generation   total 160568K, used 109960K [0x0a550000, 0x1421e000, 0x15000000)
   the space 160568K,  68% used [0x0a550000, 0x110b2370, 0x110b2400, 0x1421e000)
 Metaspace       used 16229K, capacity 17157K, committed 17280K, reserved 17792K
Event: 9124.292 GC heap after
Heap after GC invocations=272 (full 15):
 def new generation   total 72320K, used 8000K [0x05000000, 0x09e70000, 0x0a550000)
  eden space 64320K,   0% used [0x05000000, 0x05000000, 0x08ed0000)
  from space 8000K, 100% used [0x096a0000, 0x09e70000, 0x09e70000)
  to   space 8000K,   0% used [0x08ed0000, 0x08ed0000, 0x096a0000)
 tenured generation   total 160568K, used 125044K [0x0a550000, 0x1421e000, 0x15000000)
   the space 160568K,  77% used [0x0a550000, 0x11f6d3d8, 0x11f6d400, 0x1421e000)
 Metaspace       used 16229K, capacity 17157K, committed 17280K, reserved 17792K
}
Event: 9138.191 GC heap before
{Heap before GC invocations=272 (full 15):
 def new generation   total 72320K, used 72320K [0x05000000, 0x09e70000, 0x0a550000)
  eden space 64320K, 100% used [0x05000000, 0x08ed0000, 0x08ed0000)
  from space 8000K, 100% used [0x096a0000, 0x09e70000, 0x09e70000)
  to   space 8000K,   0% used [0x08ed0000, 0x08ed0000, 0x096a0000)
 tenured generation   total 160568K, used 125044K [0x0a550000, 0x1421e000, 0x15000000)
   the space 160568K,  77% used [0x0a550000, 0x11f6d3d8, 0x11f6d400, 0x1421e000)
 Metaspace       used 16247K, capacity 17189K, committed 17280K, reserved 17792K
Event: 9138.249 GC heap after
Heap after GC invocations=273 (full 15):
 def new generation   total 72320K, used 8000K [0x05000000, 0x09e70000, 0x0a550000)
  eden space 64320K,   0% used [0x05000000, 0x05000000, 0x08ed0000)
  from space 8000K, 100% used [0x08ed0000, 0x096a0000, 0x096a0000)
  to   space 8000K,   0% used [0x096a0000, 0x096a0000, 0x09e70000)
 tenured generation   total 160568K, used 146620K [0x0a550000, 0x1421e000, 0x15000000)
   the space 160568K,  91% used [0x0a550000, 0x1347f340, 0x1347f400, 0x1421e000)
 Metaspace       used 16247K, capacity 17189K, committed 17280K, reserved 17792K
}
Event: 14583.983 GC heap before
{Heap before GC invocations=273 (full 15):
 def new generation   total 72320K, used 72320K [0x05000000, 0x09e70000, 0x0a550000)
  eden space 64320K, 100% used [0x05000000, 0x08ed0000, 0x08ed0000)
  from space 8000K, 100% used [0x08ed0000, 0x096a0000, 0x096a0000)
  to   space 8000K,   0% used [0x096a0000, 0x096a0000, 0x09e70000)
 tenured generation   total 160568K, used 146620K [0x0a550000, 0x1421e000, 0x15000000)
   the space 160568K,  91% used [0x0a550000, 0x1347f340, 0x1347f400, 0x1421e000)
 Metaspace       used 16247K, capacity 17189K, committed 17280K, reserved 17792K
Event: 14584.214 GC heap after
Heap after GC invocations=274 (full 16):
 def new generation   total 72320K, used 0K [0x05000000, 0x09e70000, 0x0a550000)
  eden space 64320K,   0% used [0x05000000, 0x05000000, 0x08ed0000)
  from space 8000K,   0% used [0x08ed0000, 0x08ed0000, 0x096a0000)
  to   space 8000K,   0% used [0x096a0000, 0x096a0000, 0x09e70000)
 tenured generation   total 160568K, used 81372K [0x0a550000, 0x1421e000, 0x15000000)
   the space 160568K,  50% used [0x0a550000, 0x0f4c7180, 0x0f4c7200, 0x1421e000)
 Metaspace       used 16247K, capacity 17189K, committed 17280K, reserved 17792K
}

